[12:30:18] [main/INFO]: Using mbed TLS based native cipher.
[12:30:18] [main/INFO]: Using zlib based native compressor.
[12:30:18] [main/INFO]: Enabled Waterfall version git:Waterfall-Bootstrap:1.19-R0.1-SNAPSHOT:f6069e2:513
[12:30:19] [main/INFO]: Not on Windows, attempting to use enhanced EpollEventLoop
[12:30:19] [main/INFO]: Epoll is working, utilising it!
[12:30:19] [main/INFO]: Discovered module: ModuleSpec(name=cmd_alert, file=modules/cmd_alert.jar, provider=JenkinsModuleSource())
[12:30:19] [main/INFO]: Discovered module: ModuleSpec(name=cmd_find, file=modules/cmd_find.jar, provider=JenkinsModuleSource())
[12:30:19] [main/INFO]: Discovered module: ModuleSpec(name=cmd_list, file=modules/cmd_list.jar, provider=JenkinsModuleSource())
[12:30:19] [main/INFO]: Discovered module: ModuleSpec(name=cmd_send, file=modules/cmd_send.jar, provider=JenkinsModuleSource())
[12:30:19] [main/INFO]: Discovered module: ModuleSpec(name=cmd_server, file=modules/cmd_server.jar, provider=JenkinsModuleSource())
[12:30:19] [main/INFO]: Discovered module: ModuleSpec(name=reconnect_yaml, file=modules/reconnect_yaml.jar, provider=JenkinsModuleSource())
[12:30:19] [main/INFO]: Loaded plugin reconnect_yaml version git:reconnect_yaml:1.19-R0.1-SNAPSHOT:f6069e2:513 by WaterfallMC
[12:30:19] [main/INFO]: Loaded plugin cmd_find version git:cmd_find:1.19-R0.1-SNAPSHOT:f6069e2:513 by WaterfallMC
[12:30:19] [main/INFO]: Loaded plugin cmd_server version git:cmd_server:1.19-R0.1-SNAPSHOT:f6069e2:513 by WaterfallMC
[12:30:19] [main/INFO]: Loaded plugin cmd_alert version git:cmd_alert:1.19-R0.1-SNAPSHOT:f6069e2:513 by WaterfallMC
[12:30:19] [main/INFO]: Loaded plugin cmd_send version git:cmd_send:1.19-R0.1-SNAPSHOT:f6069e2:513 by WaterfallMC
[12:30:19] [main/INFO]: Loaded plugin cmd_list version git:cmd_list:1.19-R0.1-SNAPSHOT:f6069e2:513 by WaterfallMC
[12:30:19] [main/WARN]: :>:>:>:>:>:>:>:>:>:>:>:>:>:>:>:>:>:>:>:>:>:>:>
[12:30:19] [main/WARN]: :>  
[12:30:19] [main/WARN]: :>      EAGLERCRAFTXBUNGEE WARNING:
[12:30:19] [main/WARN]: :>  
[12:30:19] [main/WARN]: :>  This plugin wasn't tested to be 'working'
[12:30:19] [main/WARN]: :>  with ANY version of BungeeCord (and forks)
[12:30:19] [main/WARN]: :>  apart from the versions listed below:
[12:30:19] [main/WARN]: :>  
[12:30:19] [main/WARN]: :>  - BungeeCord: 1.20-R0.3-SNAPSHOT:eda268b:1797
[12:30:19] [main/WARN]: :>  - Waterfall: 1.20-R0.2-SNAPSHOT:92b5149:562
[12:30:19] [main/WARN]: :>  - FlameCord: 1.1.1
[12:30:19] [main/WARN]: :>  
[12:30:19] [main/WARN]: :>  This is not a Bukkit/Spigot plugin!
[12:30:19] [main/WARN]: :>  
[12:30:19] [main/WARN]: :>  Use "-Deaglerxbungee.stfu=true" to hide
[12:30:19] [main/WARN]: :>  
[12:30:19] [main/WARN]: :>:>:>:>:>:>:>:>:>:>:>:>:>:>:>:>:>:>:>:>:>:>:>
[12:30:19] [main/INFO] [EaglercraftXBungee]: Loading vanilla profile: lax1dude
[12:30:21] [Skin Download Thread #1/INFO] [EaglercraftXBungee]: Loaded vanilla profile: lax1dude
[12:30:21] [main/INFO]: Loaded plugin EaglercraftXBungee version 1.0.10 by lax1dude
[12:30:21] [main/WARN]: Forced host server pvp is not defined
[12:30:21] [main/INFO]: Enabled plugin reconnect_yaml version git:reconnect_yaml:1.19-R0.1-SNAPSHOT:f6069e2:513 by WaterfallMC
[12:30:21] [main/INFO]: Enabled plugin cmd_find version git:cmd_find:1.19-R0.1-SNAPSHOT:f6069e2:513 by WaterfallMC
[12:30:21] [main/INFO]: Enabled plugin cmd_server version git:cmd_server:1.19-R0.1-SNAPSHOT:f6069e2:513 by WaterfallMC
[12:30:21] [main/INFO]: Enabled plugin cmd_alert version git:cmd_alert:1.19-R0.1-SNAPSHOT:f6069e2:513 by WaterfallMC
[12:30:21] [main/INFO]: Enabled plugin cmd_send version git:cmd_send:1.19-R0.1-SNAPSHOT:f6069e2:513 by WaterfallMC
[12:30:21] [main/INFO]: Enabled plugin cmd_list version git:cmd_list:1.19-R0.1-SNAPSHOT:f6069e2:513 by WaterfallMC
[12:30:21] [main/ERROR] [EaglercraftXBungee]: Online mode is set to false! Authentication system has been disabled
[12:30:21] [Netty Worker IO Thread #0/INFO] [EaglercraftXBungee]: Eaglercraft is listening on: /0.0.0.0:8081
[12:30:21] [main/INFO] [EaglercraftXBungee]: Connected to database: jdbc:sqlite:eaglercraft_skins_cache.db
[12:30:21] [main/INFO]: Enabled plugin EaglercraftXBungee version 1.0.10 by lax1dude
[12:30:22] [Netty Boss IO Thread #0/INFO]: Listening on /127.0.0.1:25577
[12:30:22] [EaglerXBungee: Network Tick Tasks/INFO] [EaglercraftXBungee]: Loaded certificate: /workspaces/server-test/bungee/plugins/EaglercraftXBungee/eagcert/$dl.6a314f63448f669bee13950455200751edda2564.cert
[12:31:30] [Netty Worker IO Thread #1/INFO] [EaglercraftXBungee]: [/[0:0:0:0:0:0:0:1%0]:53060]: Connected via websocket
[12:31:30] [Netty Worker IO Thread #1/INFO] [EaglercraftXBungee]: [/[0:0:0:0:0:0:0:1%0]:53060]: Origin header is http://localhost:8081
[12:31:30] [Netty Worker IO Thread #1/INFO] [EaglercraftXBungee]: [/[0:0:0:0:0:0:0:1%0]:53060]: Logged in as 'Wisk'
[12:31:30] [Netty Worker IO Thread #1/INFO]: [/[0:0:0:0:0:0:0:1%0]:53060|Wisk] -> UpstreamBridge has connected
[12:31:30] [Netty Worker IO Thread #1/INFO]: [Wisk|/[0:0:0:0:0:0:0:1%0]:53060] <-> ServerConnector [lobby] has connected
[12:37:57] [Netty Worker IO Thread #1/WARN] [EaglercraftXBungee]: Server icon is not a file: /workspaces/server-test/bungee/server-icon.png
[12:38:02] [Netty Worker IO Thread #2/INFO] [EaglercraftXBungee]: [/[0:0:0:0:0:0:0:1%0]:50620]: Connected via websocket
[12:38:02] [Netty Worker IO Thread #2/INFO] [EaglercraftXBungee]: [/[0:0:0:0:0:0:0:1%0]:50620]: Origin header is http://localhost:8081
[12:38:02] [Netty Worker IO Thread #2/INFO] [EaglercraftXBungee]: [/[0:0:0:0:0:0:0:1%0]:50620]: Logged in as 'ZaZa'
[12:38:02] [Netty Worker IO Thread #2/INFO]: [/[0:0:0:0:0:0:0:1%0]:50620|ZaZa] -> UpstreamBridge has connected
[12:38:02] [Netty Worker IO Thread #2/INFO]: [ZaZa|/[0:0:0:0:0:0:0:1%0]:50620] <-> ServerConnector [lobby] has connected
[12:38:32] [Netty Worker IO Thread #2/INFO]: [ZaZa] disconnected with: Login timed out!
[12:38:32] [Netty Worker IO Thread #2/INFO]: [/[0:0:0:0:0:0:0:1%0]:50620|ZaZa] -> UpstreamBridge has disconnected
[12:38:32] [Netty Worker IO Thread #2/INFO]: [/[0:0:0:0:0:0:0:1%0]:50620|ZaZa] <-> DownstreamBridge <-> [lobby] has disconnected
[12:38:57] [Netty Worker IO Thread #3/INFO] [EaglercraftXBungee]: [/[0:0:0:0:0:0:0:1%0]:58468]: Connected via websocket
[12:38:57] [Netty Worker IO Thread #3/INFO] [EaglercraftXBungee]: [/[0:0:0:0:0:0:0:1%0]:58468]: Origin header is http://localhost:8081
[12:38:57] [Netty Worker IO Thread #3/INFO] [EaglercraftXBungee]: [/[0:0:0:0:0:0:0:1%0]:58468]: Logged in as 'ZaZa'
[12:38:57] [Netty Worker IO Thread #3/INFO]: [/[0:0:0:0:0:0:0:1%0]:58468|ZaZa] -> UpstreamBridge has connected
[12:38:57] [Netty Worker IO Thread #3/INFO]: [ZaZa|/[0:0:0:0:0:0:0:1%0]:58468] <-> ServerConnector [lobby] has connected
[12:48:25] [Netty Worker IO Thread #3/INFO]: [/[0:0:0:0:0:0:0:1%0]:58468|ZaZa] -> UpstreamBridge has disconnected
[12:48:25] [Netty Worker IO Thread #3/INFO]: [ZaZa] disconnected with: Proxy lost connection to server.
[12:48:25] [Netty Worker IO Thread #3/INFO]: [/[0:0:0:0:0:0:0:1%0]:58468|ZaZa] <-> DownstreamBridge <-> [lobby] has disconnected
[12:51:33] [Netty Worker IO Thread #1/INFO] [EaglercraftXBungee]: [/[0:0:0:0:0:0:0:1%0]:54380]: Connected via websocket
[12:51:33] [Netty Worker IO Thread #1/INFO] [EaglercraftXBungee]: [/[0:0:0:0:0:0:0:1%0]:54380]: Origin header is http://localhost:8081
[12:51:33] [Netty Worker IO Thread #1/INFO] [EaglercraftXBungee]: [/[0:0:0:0:0:0:0:1%0]:54380]: Logged in as 'ZaZa'
[12:51:33] [Netty Worker IO Thread #1/INFO]: [/[0:0:0:0:0:0:0:1%0]:54380|ZaZa] -> UpstreamBridge has connected
[12:51:33] [Netty Worker IO Thread #1/INFO]: [ZaZa|/[0:0:0:0:0:0:0:1%0]:54380] <-> ServerConnector [lobby] has connected
[13:28:32] [main/INFO]: Command not found
[13:29:55] [Netty Worker IO Thread #1/INFO]: [/[0:0:0:0:0:0:0:1%0]:54380|ZaZa] -> UpstreamBridge has disconnected
[13:29:55] [Netty Worker IO Thread #1/INFO]: [ZaZa] disconnected with: Proxy lost connection to server.
[13:29:55] [Netty Worker IO Thread #1/INFO]: [/[0:0:0:0:0:0:0:1%0]:54380|ZaZa] <-> DownstreamBridge <-> [lobby] has disconnected
[13:31:38] [Netty Worker IO Thread #3/INFO] [EaglercraftXBungee]: [/[0:0:0:0:0:0:0:1%0]:34714]: Connected via websocket
[13:31:38] [Netty Worker IO Thread #3/INFO] [EaglercraftXBungee]: [/[0:0:0:0:0:0:0:1%0]:34714]: Origin header is http://localhost:8081
[13:31:41] [Netty Worker IO Thread #0/INFO] [EaglercraftXBungee]: [/[0:0:0:0:0:0:0:1%0]:34720]: Connected via websocket
[13:31:41] [Netty Worker IO Thread #0/INFO] [EaglercraftXBungee]: [/[0:0:0:0:0:0:0:1%0]:34720]: Origin header is http://localhost:8081
[13:33:17] [Netty Worker IO Thread #1/INFO]: [/[0:0:0:0:0:0:0:1%0]:53060|Wisk] -> UpstreamBridge has disconnected
[13:33:17] [Netty Worker IO Thread #1/INFO]: [Wisk] disconnected with: Proxy lost connection to server.
[13:33:17] [Netty Worker IO Thread #1/INFO]: [/[0:0:0:0:0:0:0:1%0]:53060|Wisk] <-> DownstreamBridge <-> [lobby] has disconnected
[13:50:06] [Netty Worker IO Thread #2/INFO] [EaglercraftXBungee]: [/[0:0:0:0:0:0:0:1%0]:55316]: Connected via websocket
[13:50:06] [Netty Worker IO Thread #2/INFO] [EaglercraftXBungee]: [/[0:0:0:0:0:0:0:1%0]:55316]: Origin header is http://localhost:8081
[13:50:06] [Netty Worker IO Thread #2/INFO] [EaglercraftXBungee]: [/[0:0:0:0:0:0:0:1%0]:55316]: Logged in as 'ZaZa'
[13:50:06] [Netty Worker IO Thread #2/INFO]: [/[0:0:0:0:0:0:0:1%0]:55316|ZaZa] -> UpstreamBridge has connected
[13:50:06] [Netty Worker IO Thread #2/INFO]: [ZaZa|/[0:0:0:0:0:0:0:1%0]:55316] <-> ServerConnector [lobby] has connected
[13:51:50] [Netty Worker IO Thread #2/INFO]: [/[0:0:0:0:0:0:0:1%0]:55316|ZaZa] -> UpstreamBridge has disconnected
[13:51:50] [Netty Worker IO Thread #2/INFO]: [ZaZa] disconnected with: Proxy lost connection to server.
[13:51:50] [Netty Worker IO Thread #2/INFO]: [/[0:0:0:0:0:0:0:1%0]:55316|ZaZa] <-> DownstreamBridge <-> [lobby] has disconnected
[13:56:42] [Netty Worker IO Thread #3/INFO] [EaglercraftXBungee]: [/[0:0:0:0:0:0:0:1%0]:47872]: Connected via websocket
[13:56:42] [Netty Worker IO Thread #3/INFO] [EaglercraftXBungee]: [/[0:0:0:0:0:0:0:1%0]:47872]: Origin header is http://localhost:8081
[13:56:42] [Netty Worker IO Thread #3/INFO] [EaglercraftXBungee]: [/[0:0:0:0:0:0:0:1%0]:47872]: Logged in as 'Wisk'
[13:56:42] [Netty Worker IO Thread #3/INFO]: [/[0:0:0:0:0:0:0:1%0]:47872|Wisk] -> UpstreamBridge has connected
[13:56:42] [Netty Worker IO Thread #3/INFO]: [Wisk|/[0:0:0:0:0:0:0:1%0]:47872] <-> ServerConnector [lobby] has connected
[14:11:35] [Netty Worker IO Thread #3/INFO]: [/[0:0:0:0:0:0:0:1%0]:47872|Wisk] -> UpstreamBridge has disconnected
[14:11:35] [Netty Worker IO Thread #3/INFO]: [Wisk] disconnected with: Proxy lost connection to server.
[14:11:35] [Netty Worker IO Thread #3/INFO]: [/[0:0:0:0:0:0:0:1%0]:47872|Wisk] <-> DownstreamBridge <-> [lobby] has disconnected
[14:11:40] [Netty Worker IO Thread #0/INFO] [EaglercraftXBungee]: [/[0:0:0:0:0:0:0:1%0]:43570]: Connected via websocket
[14:11:40] [Netty Worker IO Thread #0/INFO] [EaglercraftXBungee]: [/[0:0:0:0:0:0:0:1%0]:43570]: Origin header is http://localhost:8081
[14:11:40] [Netty Worker IO Thread #0/INFO] [EaglercraftXBungee]: [/[0:0:0:0:0:0:0:1%0]:43570]: Logged in as 'Wisk'
[14:11:40] [Netty Worker IO Thread #0/INFO]: [/[0:0:0:0:0:0:0:1%0]:43570|Wisk] -> UpstreamBridge has connected
[14:11:40] [Netty Worker IO Thread #0/INFO]: [Wisk|/[0:0:0:0:0:0:0:1%0]:43570] <-> ServerConnector [lobby] has connected
[14:11:56] [Netty Worker IO Thread #0/INFO]: [/[0:0:0:0:0:0:0:1%0]:43570|Wisk] -> UpstreamBridge has disconnected
[14:11:56] [Netty Worker IO Thread #0/INFO]: [Wisk] disconnected with: Proxy lost connection to server.
[14:11:56] [Netty Worker IO Thread #0/INFO]: [/[0:0:0:0:0:0:0:1%0]:43570|Wisk] <-> DownstreamBridge <-> [lobby] has disconnected
[14:12:01] [Netty Worker IO Thread #1/INFO] [EaglercraftXBungee]: [/[0:0:0:0:0:0:0:1%0]:38506]: Connected via websocket
[14:12:01] [Netty Worker IO Thread #1/INFO] [EaglercraftXBungee]: [/[0:0:0:0:0:0:0:1%0]:38506]: Origin header is http://localhost:8081
[14:12:01] [Netty Worker IO Thread #1/INFO] [EaglercraftXBungee]: [/[0:0:0:0:0:0:0:1%0]:38506]: Logged in as 'Wisk'
[14:12:01] [Netty Worker IO Thread #1/INFO]: [/[0:0:0:0:0:0:0:1%0]:38506|Wisk] -> UpstreamBridge has connected
[14:12:01] [Netty Worker IO Thread #1/INFO]: [Wisk|/[0:0:0:0:0:0:0:1%0]:38506] <-> ServerConnector [lobby] has connected
[14:37:54] [Netty Worker IO Thread #2/INFO] [EaglercraftXBungee]: [/[0:0:0:0:0:0:0:1%0]:39238]: Connected via websocket
[14:37:54] [Netty Worker IO Thread #2/INFO] [EaglercraftXBungee]: [/[0:0:0:0:0:0:0:1%0]:39238]: Origin header is http://localhost:8081
[14:37:54] [Netty Worker IO Thread #2/INFO] [EaglercraftXBungee]: [/[0:0:0:0:0:0:0:1%0]:39238]: Logged in as 'ZaZa'
[14:37:54] [Netty Worker IO Thread #2/INFO]: [/[0:0:0:0:0:0:0:1%0]:39238|ZaZa] -> UpstreamBridge has connected
[14:37:54] [Netty Worker IO Thread #2/INFO]: [ZaZa|/[0:0:0:0:0:0:0:1%0]:39238] <-> ServerConnector [lobby] has connected
[14:42:38] [Netty Worker IO Thread #2/INFO]: [/[0:0:0:0:0:0:0:1%0]:39238|ZaZa] -> UpstreamBridge has disconnected
[14:42:38] [Netty Worker IO Thread #2/INFO]: [ZaZa] disconnected with: Proxy lost connection to server.
[14:42:38] [Netty Worker IO Thread #2/INFO]: [/[0:0:0:0:0:0:0:1%0]:39238|ZaZa] <-> DownstreamBridge <-> [lobby] has disconnected
[14:43:04] [Netty Worker IO Thread #0/INFO] [EaglercraftXBungee]: [/[0:0:0:0:0:0:0:1%0]:39516]: Connected via websocket
[14:43:04] [Netty Worker IO Thread #0/INFO] [EaglercraftXBungee]: [/[0:0:0:0:0:0:0:1%0]:39516]: Origin header is http://localhost:8081
[14:43:04] [Netty Worker IO Thread #0/INFO] [EaglercraftXBungee]: [/[0:0:0:0:0:0:0:1%0]:39516]: Logged in as 'ZaZa'
[14:43:04] [Netty Worker IO Thread #0/INFO]: [/[0:0:0:0:0:0:0:1%0]:39516|ZaZa] -> UpstreamBridge has connected
[14:43:04] [Netty Worker IO Thread #0/INFO]: [ZaZa|/[0:0:0:0:0:0:0:1%0]:39516] <-> ServerConnector [lobby] has connected
[15:07:21] [Netty Worker IO Thread #1/INFO]: [/[0:0:0:0:0:0:0:1%0]:38506|Wisk] -> UpstreamBridge has disconnected
[15:07:21] [Netty Worker IO Thread #1/INFO]: [Wisk] disconnected with: Proxy lost connection to server.
[15:07:21] [Netty Worker IO Thread #1/INFO]: [/[0:0:0:0:0:0:0:1%0]:38506|Wisk] <-> DownstreamBridge <-> [lobby] has disconnected
[15:07:24] [Netty Worker IO Thread #0/INFO]: [/[0:0:0:0:0:0:0:1%0]:39516|ZaZa] -> UpstreamBridge has disconnected
[15:07:24] [Netty Worker IO Thread #0/INFO]: [ZaZa] disconnected with: Proxy lost connection to server.
[15:07:24] [Netty Worker IO Thread #0/INFO]: [/[0:0:0:0:0:0:0:1%0]:39516|ZaZa] <-> DownstreamBridge <-> [lobby] has disconnected
[15:18:39] [Netty Worker IO Thread #2/INFO] [EaglercraftXBungee]: [/[0:0:0:0:0:0:0:1%0]:50652]: Connected via websocket
[15:18:39] [Netty Worker IO Thread #2/INFO] [EaglercraftXBungee]: [/[0:0:0:0:0:0:0:1%0]:50652]: Origin header is http://localhost:8081
[15:18:39] [Netty Worker IO Thread #2/INFO] [EaglercraftXBungee]: [/[0:0:0:0:0:0:0:1%0]:50652]: Logged in as 'Wlsk'
[15:18:39] [Netty Worker IO Thread #2/INFO]: [/[0:0:0:0:0:0:0:1%0]:50652|Wlsk] -> UpstreamBridge has connected
[15:18:39] [Netty Worker IO Thread #2/INFO]: [Wlsk|/[0:0:0:0:0:0:0:1%0]:50652] <-> ServerConnector [lobby] has connected
[15:18:49] [Netty Worker IO Thread #2/INFO]: [/[0:0:0:0:0:0:0:1%0]:50652|Wlsk] -> UpstreamBridge has disconnected
[15:18:49] [Netty Worker IO Thread #2/INFO]: [Wlsk] disconnected with: Proxy lost connection to server.
[15:18:49] [Netty Worker IO Thread #2/INFO]: [/[0:0:0:0:0:0:0:1%0]:50652|Wlsk] <-> DownstreamBridge <-> [lobby] has disconnected
[15:18:56] [Netty Worker IO Thread #1/INFO] [EaglercraftXBungee]: [/[0:0:0:0:0:0:0:1%0]:34278]: Connected via websocket
[15:18:56] [Netty Worker IO Thread #1/INFO] [EaglercraftXBungee]: [/[0:0:0:0:0:0:0:1%0]:34278]: Origin header is http://localhost:8081
[15:18:56] [Netty Worker IO Thread #1/INFO] [EaglercraftXBungee]: [/[0:0:0:0:0:0:0:1%0]:34278]: Logged in as 'zaza'
[15:18:56] [Netty Worker IO Thread #1/INFO]: [/[0:0:0:0:0:0:0:1%0]:34278|zaza] -> UpstreamBridge has connected
[15:18:56] [Netty Worker IO Thread #1/INFO]: [zaza|/[0:0:0:0:0:0:0:1%0]:34278] <-> ServerConnector [lobby] has connected
[15:18:56] [Netty Worker IO Thread #1/INFO]: [zaza] disconnected with: Kicked whilst connecting to lobby: [LoginSecurity] This account is registered under the name ZaZa, please log in as such.
[15:18:56] [Netty Worker IO Thread #1/INFO]: [/[0:0:0:0:0:0:0:1%0]:34278|zaza] -> UpstreamBridge has disconnected
[15:18:56] [Netty Worker IO Thread #1/INFO]: [zaza|/[0:0:0:0:0:0:0:1%0]:34278] <-> ServerConnector [lobby] has disconnected
[15:19:06] [Netty Worker IO Thread #3/INFO] [EaglercraftXBungee]: [/[0:0:0:0:0:0:0:1%0]:59094]: Connected via websocket
[15:19:06] [Netty Worker IO Thread #3/INFO] [EaglercraftXBungee]: [/[0:0:0:0:0:0:0:1%0]:59094]: Origin header is http://localhost:8081
[15:19:06] [Netty Worker IO Thread #3/INFO] [EaglercraftXBungee]: [/[0:0:0:0:0:0:0:1%0]:59094]: Logged in as 'edward'
[15:19:06] [Netty Worker IO Thread #3/INFO]: [/[0:0:0:0:0:0:0:1%0]:59094|edward] -> UpstreamBridge has connected
[15:19:06] [Netty Worker IO Thread #3/INFO]: [edward|/[0:0:0:0:0:0:0:1%0]:59094] <-> ServerConnector [lobby] has connected
[15:19:13] [Netty Worker IO Thread #3/INFO]: [/[0:0:0:0:0:0:0:1%0]:59094|edward] -> UpstreamBridge has disconnected
[15:19:13] [Netty Worker IO Thread #3/INFO]: [edward] disconnected with: Proxy lost connection to server.
[15:19:13] [Netty Worker IO Thread #3/INFO]: [/[0:0:0:0:0:0:0:1%0]:59094|edward] <-> DownstreamBridge <-> [lobby] has disconnected
[15:19:21] [Netty Worker IO Thread #2/INFO] [EaglercraftXBungee]: [/[0:0:0:0:0:0:0:1%0]:51550]: Connected via websocket
[15:19:21] [Netty Worker IO Thread #2/INFO] [EaglercraftXBungee]: [/[0:0:0:0:0:0:0:1%0]:51550]: Origin header is http://localhost:8081
[15:19:21] [Netty Worker IO Thread #2/INFO] [EaglercraftXBungee]: [/[0:0:0:0:0:0:0:1%0]:51550]: Logged in as 'w1sk'
[15:19:21] [Netty Worker IO Thread #2/INFO]: [/[0:0:0:0:0:0:0:1%0]:51550|w1sk] -> UpstreamBridge has connected
[15:19:21] [Netty Worker IO Thread #2/INFO]: [w1sk|/[0:0:0:0:0:0:0:1%0]:51550] <-> ServerConnector [lobby] has connected
[15:19:27] [Netty Worker IO Thread #2/INFO]: [/[0:0:0:0:0:0:0:1%0]:51550|w1sk] -> UpstreamBridge has disconnected
[15:19:27] [Netty Worker IO Thread #2/INFO]: [w1sk] disconnected with: Proxy lost connection to server.
[15:19:27] [Netty Worker IO Thread #2/INFO]: [/[0:0:0:0:0:0:0:1%0]:51550|w1sk] <-> DownstreamBridge <-> [lobby] has disconnected
[15:19:34] [Netty Worker IO Thread #1/INFO] [EaglercraftXBungee]: [/[0:0:0:0:0:0:0:1%0]:59318]: Connected via websocket
[15:19:34] [Netty Worker IO Thread #1/INFO] [EaglercraftXBungee]: [/[0:0:0:0:0:0:0:1%0]:59318]: Origin header is http://localhost:8081
[15:19:34] [Netty Worker IO Thread #1/INFO] [EaglercraftXBungee]: [/[0:0:0:0:0:0:0:1%0]:59318]: Logged in as 'ZaZa'
[15:19:34] [Netty Worker IO Thread #1/INFO]: [/[0:0:0:0:0:0:0:1%0]:59318|ZaZa] -> UpstreamBridge has connected
[15:19:34] [Netty Worker IO Thread #1/INFO]: [ZaZa|/[0:0:0:0:0:0:0:1%0]:59318] <-> ServerConnector [lobby] has connected
[15:19:46] [Netty Worker IO Thread #1/INFO]: [/[0:0:0:0:0:0:0:1%0]:59318|ZaZa] -> UpstreamBridge has disconnected
[15:19:46] [Netty Worker IO Thread #1/INFO]: [ZaZa] disconnected with: Proxy lost connection to server.
[15:19:46] [Netty Worker IO Thread #1/INFO]: [/[0:0:0:0:0:0:0:1%0]:59318|ZaZa] <-> DownstreamBridge <-> [lobby] has disconnected
[15:19:53] [Netty Worker IO Thread #0/INFO] [EaglercraftXBungee]: [/[0:0:0:0:0:0:0:1%0]:60656]: Connected via websocket
[15:19:53] [Netty Worker IO Thread #0/INFO] [EaglercraftXBungee]: [/[0:0:0:0:0:0:0:1%0]:60656]: Origin header is http://localhost:8081
[15:19:53] [Netty Worker IO Thread #0/INFO] [EaglercraftXBungee]: [/[0:0:0:0:0:0:0:1%0]:60656]: Logged in as 'Wlsk'
[15:19:53] [Netty Worker IO Thread #0/INFO]: [/[0:0:0:0:0:0:0:1%0]:60656|Wlsk] -> UpstreamBridge has connected
[15:19:53] [Netty Worker IO Thread #0/INFO]: [Wlsk|/[0:0:0:0:0:0:0:1%0]:60656] <-> ServerConnector [lobby] has connected
[15:25:42] [Netty Worker IO Thread #0/INFO]: [/[0:0:0:0:0:0:0:1%0]:60656|Wlsk] -> UpstreamBridge has disconnected
[15:25:42] [Netty Worker IO Thread #0/INFO]: [Wlsk] disconnected with: Proxy lost connection to server.
[15:25:42] [Netty Worker IO Thread #0/INFO]: [/[0:0:0:0:0:0:0:1%0]:60656|Wlsk] <-> DownstreamBridge <-> [lobby] has disconnected
[15:26:26] [Netty Worker IO Thread #1/INFO] [EaglercraftXBungee]: [/[0:0:0:0:0:0:0:1%0]:41486]: Connected via websocket
[15:26:26] [Netty Worker IO Thread #1/INFO] [EaglercraftXBungee]: [/[0:0:0:0:0:0:0:1%0]:41486]: Origin header is http://localhost:8081
[15:26:26] [Netty Worker IO Thread #1/INFO] [EaglercraftXBungee]: [/[0:0:0:0:0:0:0:1%0]:41486]: Logged in as 'Wlsk'
[15:26:26] [Netty Worker IO Thread #1/INFO]: [/[0:0:0:0:0:0:0:1%0]:41486|Wlsk] -> UpstreamBridge has connected
[15:26:26] [Netty Worker IO Thread #1/INFO]: [Wlsk|/[0:0:0:0:0:0:0:1%0]:41486] <-> ServerConnector [lobby] has connected
[15:28:40] [Netty Worker IO Thread #2/INFO] [EaglercraftXBungee]: [/[0:0:0:0:0:0:0:1%0]:39710]: Connected via websocket
[15:28:40] [Netty Worker IO Thread #2/INFO] [EaglercraftXBungee]: [/[0:0:0:0:0:0:0:1%0]:39710]: Origin header is http://localhost:8081
[15:28:40] [Netty Worker IO Thread #2/INFO] [EaglercraftXBungee]: [/[0:0:0:0:0:0:0:1%0]:39710]: Logged in as 'ZaZa'
[15:28:40] [Netty Worker IO Thread #2/INFO]: [/[0:0:0:0:0:0:0:1%0]:39710|ZaZa] -> UpstreamBridge has connected
[15:28:40] [Netty Worker IO Thread #2/INFO]: [ZaZa|/[0:0:0:0:0:0:0:1%0]:39710] <-> ServerConnector [lobby] has connected
